<?xml version="1.0" encoding="UTF-8"?>
<testsuite xmlns:xsi="http://www.w3.org/2001/XMLSchema-instance" xsi:schemaLocation="https://maven.apache.org/surefire/maven-surefire-plugin/xsd/surefire-test-report.xsd" name="TestSuite" time="23.135" tests="1" errors="0" skipped="0" failures="1">
  <properties>
    <property name="java.runtime.name" value="Java(TM) SE Runtime Environment"/>
    <property name="sun.boot.library.path" value="C:\Program Files\Java\jdk1.8.0_111\jre\bin"/>
    <property name="java.vm.version" value="25.111-b14"/>
    <property name="java.vm.vendor" value="Oracle Corporation"/>
    <property name="maven.multiModuleProjectDirectory" value="D:\automation test\CucumberFramework"/>
    <property name="java.vendor.url" value="http://java.oracle.com/"/>
    <property name="path.separator" value=";"/>
    <property name="guice.disable.misplaced.annotation.check" value="true"/>
    <property name="java.vm.name" value="Java HotSpot(TM) 64-Bit Server VM"/>
    <property name="file.encoding.pkg" value="sun.io"/>
    <property name="user.script" value=""/>
    <property name="user.country" value="US"/>
    <property name="sun.java.launcher" value="SUN_STANDARD"/>
    <property name="sun.os.patch.level" value=""/>
    <property name="java.vm.specification.name" value="Java Virtual Machine Specification"/>
    <property name="user.dir" value="D:\automation test\CucumberFramework"/>
    <property name="java.runtime.version" value="1.8.0_111-b14"/>
    <property name="java.awt.graphicsenv" value="sun.awt.Win32GraphicsEnvironment"/>
    <property name="java.endorsed.dirs" value="C:\Program Files\Java\jdk1.8.0_111\jre\lib\endorsed"/>
    <property name="os.arch" value="amd64"/>
    <property name="java.io.tmpdir" value="C:\Users\ankur\AppData\Local\Temp\"/>
    <property name="line.separator" value="&#10;"/>
    <property name="java.vm.specification.vendor" value="Oracle Corporation"/>
    <property name="user.variant" value=""/>
    <property name="os.name" value="Windows 10"/>
    <property name="classworlds.conf" value="C:\Dev_Programs\apache-maven-3.5.4\bin\..\bin\m2.conf"/>
    <property name="sun.jnu.encoding" value="Cp1252"/>
    <property name="java.library.path" value="C:\Program Files\Java\jdk1.8.0_111\bin;C:\WINDOWS\Sun\Java\bin;C:\WINDOWS\system32;C:\WINDOWS;C:\Program Files (x86)\Common Files\Oracle\Java\javapath;C:\Program Files\Docker\Docker\Resources\bin;C:\ProgramData\Oracle\Java\javapath;C:\Program Files (x86)\Lenovo\FusionEngine;C:\WINDOWS\system32;C:\WINDOWS;C:\WINDOWS\System32\Wbem;C:\WINDOWS\System32\WindowsPowerShell\v1.0\;C:\Program Files (x86)\ATI Technologies\ATI.ACE\Core-Static;C:\Program Files\Microsoft SQL Server\120\Tools\Binn\;C:\Program Files (x86)\Skype\Phone\;C:\Program Files\Microsoft\Web Platform Installer\;c:\Program Files (x86)\Microsoft SQL Server\100\Tools\Binn\;c:\Program Files\Microsoft SQL Server\100\Tools\Binn\;c:\Program Files\Microsoft SQL Server\100\DTS\Binn\;C:\WINDOWS\system32\config\systemprofile\.dnx\bin;C:\Program Files\Microsoft DNX\Dnvm\;C:\Program Files\Microsoft SQL Server\130\Tools\Binn\;C:\Program Files (x86)\Windows Kits\8.1\Windows Performance Toolkit\;C:\Program Files (x86)\nodejs\;C:\Program Files\dotnet\;C:\Program Files\Microsoft Service Fabric\bin\Fabric\Fabric.Code;C:\Program Files\Microsoft SDKs\Service Fabric\Tools\ServiceFabricLocalClusterManager;C:\WINDOWS\System32\OpenSSH\;C:\Program Files\Git\cmd;C:\Program Files (x86)\Java\jdk1.7.0_55\bin;C:\Dev_Programs\apache-maven-3.5.4\bin;C:\Users\ankur\Downloads\gradle-5.2-all\gradle-5.2\bin;C:\Users\ankur\AppData\Local\Android\Sdk\emulator;C:\Users\ankur\AppData\Local\Android\Sdk\platform-tools;C:\Users\ankur\AppData\Local\Android\Sdk\tools;C:\Users\ankur\AppData\Local\Android\Sdk\tools\bin;;C:\Program Files (x86)\Microsoft VS Code\bin;C:\Program Files\Java\jdk1.8.0_111\bin;C:\Users\ankur\AppData\Roaming\npm;C:\Program Files (x86)\Microsoft VS Code\bin;C:\Users\ankur\AppData\Local\Microsoft\WindowsApps;F:\Java\gradle-4.10.2-all\gradle-4.10.2\bin;;C:\Users\ankur\AppData\Local\Programs\Fiddler;."/>
    <property name="maven.conf" value="C:\Dev_Programs\apache-maven-3.5.4\bin\../conf"/>
    <property name="java.specification.name" value="Java Platform API Specification"/>
    <property name="java.class.version" value="52.0"/>
    <property name="sun.management.compiler" value="HotSpot 64-Bit Tiered Compilers"/>
    <property name="os.version" value="10.0"/>
    <property name="library.jansi.path" value="C:\Dev_Programs\apache-maven-3.5.4\bin\..\lib\jansi-native"/>
    <property name="user.home" value="C:\Users\ankur"/>
    <property name="user.timezone" value="Australia/Sydney"/>
    <property name="java.awt.printerjob" value="sun.awt.windows.WPrinterJob"/>
    <property name="java.specification.version" value="1.8"/>
    <property name="file.encoding" value="Cp1252"/>
    <property name="user.name" value="ankur"/>
    <property name="java.class.path" value="C:\Dev_Programs\apache-maven-3.5.4\bin\..\boot\plexus-classworlds-2.5.2.jar"/>
    <property name="java.vm.specification.version" value="1.8"/>
    <property name="sun.arch.data.model" value="64"/>
    <property name="java.home" value="C:\Program Files\Java\jdk1.8.0_111\jre"/>
    <property name="sun.java.command" value="org.codehaus.plexus.classworlds.launcher.Launcher clean test"/>
    <property name="java.specification.vendor" value="Oracle Corporation"/>
    <property name="user.language" value="en"/>
    <property name="awt.toolkit" value="sun.awt.windows.WToolkit"/>
    <property name="java.vm.info" value="mixed mode"/>
    <property name="java.version" value="1.8.0_111"/>
    <property name="java.ext.dirs" value="C:\Program Files\Java\jdk1.8.0_111\jre\lib\ext;C:\WINDOWS\Sun\Java\lib\ext"/>
    <property name="sun.boot.class.path" value="C:\Program Files\Java\jdk1.8.0_111\jre\lib\resources.jar;C:\Program Files\Java\jdk1.8.0_111\jre\lib\rt.jar;C:\Program Files\Java\jdk1.8.0_111\jre\lib\sunrsasign.jar;C:\Program Files\Java\jdk1.8.0_111\jre\lib\jsse.jar;C:\Program Files\Java\jdk1.8.0_111\jre\lib\jce.jar;C:\Program Files\Java\jdk1.8.0_111\jre\lib\charsets.jar;C:\Program Files\Java\jdk1.8.0_111\jre\lib\jfr.jar;C:\Program Files\Java\jdk1.8.0_111\jre\classes"/>
    <property name="sun.stderr.encoding" value="cp437"/>
    <property name="java.vendor" value="Oracle Corporation"/>
    <property name="maven.home" value="C:\Dev_Programs\apache-maven-3.5.4\bin\.."/>
    <property name="file.separator" value="\"/>
    <property name="java.vendor.url.bug" value="http://bugreport.sun.com/bugreport/"/>
    <property name="sun.cpu.endian" value="little"/>
    <property name="sun.io.unicode.encoding" value="UnicodeLittle"/>
    <property name="sun.stdout.encoding" value="cp437"/>
    <property name="sun.desktop" value="windows"/>
    <property name="sun.cpu.isalist" value="amd64"/>
  </properties>
  <testcase name="feature" classname="runners.MainRunner" time="20.69">
    <failure message="java.lang.AssertionError: expected:&lt;true&gt; but was:&lt;false&gt;" type="cucumber.runtime.CucumberException"><![CDATA[cucumber.runtime.CucumberException: java.lang.AssertionError: expected:<true> but was:<false>
Caused by: java.lang.AssertionError: expected:<true> but was:<false>
]]></failure>
    <system-out><![CDATA[...
... TestNG 6.9.10 by CÃ©dric Beust (cedric@beust.com)
...

Feature: Submit data to Service NSW and validate it

  @test
  Scenario Outline: Submit valid data via Service NSW website              # service_nsw.feature:3
    Given I navigate to service nsw website
    When Search for "Apply for a number plate"
    And Validate the navigation to appropriate page
    When I click on Locate us button
    And I Enter suburb <SuburbName>
    Then I click to service centre named as "Marrickville Service Centre "

    Examples: 
WebElement is visible using locator: <[[ChromeDriver: chrome on XP (ebd07620653bfd1741de81285ac682f9)] -> id: edit-contains]>
Successfully Sent the following keys: 'Apply for a number plate' to element: <[[ChromeDriver: chrome on XP (ebd07620653bfd1741de81285ac682f9)] -> id: edit-contains]>
Successfully clicked on the WebElement: <Proxy element for: DefaultElementLocator 'By.cssSelector: .locate-us-button'>
WebElement is visible using locator: <[[ChromeDriver: chrome on XP (ebd07620653bfd1741de81285ac682f9)] -> id: locatorTextSearch]>
Successfully Sent the following keys: '' to element: <[[ChromeDriver: chrome on XP (ebd07620653bfd1741de81285ac682f9)] -> id: locatorTextSearch]>
WebElement is visible using locator: <[[ChromeDriver: chrome on XP (ebd07620653bfd1741de81285ac682f9)] -> id: locatorTextSearch]>
Successfully Sent the following keys: 'Sydney 2000' to element: <[[ChromeDriver: chrome on XP (ebd07620653bfd1741de81285ac682f9)] -> id: locatorTextSearch]>
Successfully clicked on the WebElement: <[[ChromeDriver: chrome on XP (ebd07620653bfd1741de81285ac682f9)] -> css selector: .form__actions]>
I am here
false

  @test
  Scenario Outline: Submit valid data via Service NSW website              # service_nsw.feature:14
    Given I navigate to service nsw website                                # ServiceNswSteps.i_navigate_to_service_nsw_website()
    When Search for "Apply for a number plate"                             # ServiceNswSteps.search_for(String)
    And Validate the navigation to appropriate page                        # ServiceNswSteps.validate_the_navigation_to_appropriate_page()
    When I click on Locate us button                                       # ServiceNswSteps.i_click_on_Locate_us_button()
    And I Enter suburb "Sydney 2000"                                       # ServiceNswSteps.i_Enter_suburb(String)
    Then I click to service centre named as "Marrickville Service Centre " # ServiceNswSteps.i_click_to_service_centre_named_as(String)
      java.lang.AssertionError: expected:<true> but was:<false>
      	at org.junit.Assert.fail(Assert.java:88)
      	at org.junit.Assert.failNotEquals(Assert.java:834)
      	at org.junit.Assert.assertEquals(Assert.java:118)
      	at org.junit.Assert.assertEquals(Assert.java:144)
      	at stepDefinitions.ServiceNswSteps.i_click_to_service_centre_named_as(ServiceNswSteps.java:43)
      	at ?.Then I click to service centre named as "Marrickville Service Centre "(service_nsw.feature:9)

]]></system-out>
    <system-err><![CDATA[Starting ChromeDriver 2.38.552522 (437e6fbedfa8762dec75e2c5b3ddb86763dc9dcb) on port 36892
Only local connections are allowed.
Jun 04, 2019 12:18:44 PM org.openqa.selenium.remote.ProtocolHandshake createSession
INFO: Detected dialect: OSS
]]></system-err>
  </testcase>
</testsuite>